<?xml version="1.0" encoding="UTF-8"?>
<!-- Generated by org.testng.reporters.JUnitReportReporter -->
<testsuite hostname="DESKTOP-HNBDBSE" failures="0" tests="1" name="lloydsTesting.tcs.apiTest" time="16.081" errors="0" timestamp="2021-04-20T16:40:42 IST" skipped="0">
  <testcase classname="lloydsTesting.tcs.apiTest" name="apiTesting" time="16.081"/>
  <system-out/>
</testsuite> <!-- lloydsTesting.tcs.apiTest -->
