<?xml version="1.0" encoding="UTF-8"?>
<!-- Generated by org.testng.reporters.JUnitReportReporter -->
<testsuite hostname="DESKTOP-HNBDBSE" failures="0" tests="1" name="lloydsTesting.tcs.Appiumtest" time="0.000" errors="0" timestamp="2021-04-19T12:47:48 IST" skipped="0">
  <testcase classname="lloydsTesting.tcs.Appiumtest" name="printsApp" time="0.000"/>
  <system-out/>
</testsuite> <!-- lloydsTesting.tcs.Appiumtest -->
