<?xml version="1.0" encoding="UTF-8"?>
<!-- Generated by org.testng.reporters.JUnitReportReporter -->
<testsuite hostname="DESKTOP-HNBDBSE" failures="0" tests="3" name="lloydsTesting.tcs.Seleniumtest" time="38.768" errors="0" timestamp="2021-04-19T12:47:48 IST" skipped="0">
  <testcase classname="lloydsTesting.tcs.Seleniumtest" name="printsel" time="14.968"/>
  <system-out/>
  <testcase classname="lloydsTesting.tcs.Seleniumtest" name="printsel" time="19.754"/>
  <system-out/>
  <testcase classname="lloydsTesting.tcs.Seleniumtest" name="printsel" time="4.046"/>
  <system-out/>
</testsuite> <!-- lloydsTesting.tcs.Seleniumtest -->
